# JRE version: Java(TM) SE Runtime Environment (8.0_181-b13) (build 1.8.0_181-b13)
# Java VM: Java HotSpot(TM) 64-Bit Server VM (25.181-b13 mixed mode windows-amd64 compressed oops)
Heap:
 PSYoungGen      total 432128K, used 431946K [0x00000000e0000000, 0x0000000100000000, 0x0000000100000000)
  eden space 359936K, 100% used [0x00000000e0000000,0x00000000f5f80000,0x00000000f5f80000)
  from space 72192K, 99% used [0x00000000f5f80000,0x00000000fa5d2938,0x00000000fa600000)
  to   space 88064K, 90% used [0x00000000faa00000,0x00000000ff7e3850,0x0000000100000000)
 ParOldGen       total 460800K, used 218314K [0x00000000a0000000, 0x00000000bc200000, 0x00000000e0000000)
  object space 460800K, 47% used [0x00000000a0000000,0x00000000ad532948,0x00000000bc200000)
 Metaspace       used 238274K, capacity 250107K, committed 250688K, reserved 1269760K
  class space    used 28775K, capacity 30964K, committed 31064K, reserved 1048576K
GC Heap History (10 events):
Event: 31166.831 GC heap after
Heap after GC invocations=82 (full 5):
 PSYoungGen      total 446464K, used 64445K [0x00000000e0000000, 0x0000000100000000, 0x0000000100000000)
  eden space 381952K, 0% used [0x00000000e0000000,0x00000000e0000000,0x00000000f7500000)
  from space 64512K, 99% used [0x00000000f7500000,0x00000000fb3ef780,0x00000000fb400000)
  to   space 77824K, 0% used [0x00000000fb400000,0x00000000fb400000,0x0000000100000000)
 ParOldGen       total 460800K, used 202794K [0x00000000a0000000, 0x00000000bc200000, 0x00000000e0000000)
  object space 460800K, 44% used [0x00000000a0000000,0x00000000ac60abf8,0x00000000bc200000)
 Metaspace       used 205517K, capacity 216079K, committed 217920K, reserved 1241088K
  class space    used 24963K, capacity 26870K, committed 27224K, reserved 1048576K
}
Event: 31233.834 GC heap before
{Heap before GC invocations=83 (full 5):
 PSYoungGen      total 446464K, used 446397K [0x00000000e0000000, 0x0000000100000000, 0x0000000100000000)
  eden space 381952K, 100% used [0x00000000e0000000,0x00000000f7500000,0x00000000f7500000)
  from space 64512K, 99% used [0x00000000f7500000,0x00000000fb3ef780,0x00000000fb400000)
  to   space 77824K, 0% used [0x00000000fb400000,0x00000000fb400000,0x0000000100000000)
 ParOldGen       total 460800K, used 202794K [0x00000000a0000000, 0x00000000bc200000, 0x00000000e0000000)
  object space 460800K, 44% used [0x00000000a0000000,0x00000000ac60abf8,0x00000000bc200000)
 Metaspace       used 217699K, capacity 228339K, committed 230080K, reserved 1251328K
  class space    used 26454K, capacity 28390K, committed 28632K, reserved 1048576K
Event: 31233.868 GC heap after
Heap after GC invocations=83 (full 5):
 PSYoungGen      total 439296K, used 56408K [0x00000000e0000000, 0x0000000100000000, 0x0000000100000000)
  eden space 361472K, 0% used [0x00000000e0000000,0x00000000e0000000,0x00000000f6100000)
  from space 77824K, 72% used [0x00000000fb400000,0x00000000feb160a0,0x0000000100000000)
  to   space 81408K, 0% used [0x00000000f6100000,0x00000000f6100000,0x00000000fb080000)
 ParOldGen       total 460800K, used 204170K [0x00000000a0000000, 0x00000000bc200000, 0x00000000e0000000)
  object space 460800K, 44% used [0x00000000a0000000,0x00000000ac762bf8,0x00000000bc200000)
 Metaspace       used 217699K, capacity 228339K, committed 230080K, reserved 1251328K
  class space    used 26454K, capacity 28390K, committed 28632K, reserved 1048576K
}
Event: 31234.751 GC heap before
{Heap before GC invocations=84 (full 5):
 PSYoungGen      total 439296K, used 417753K [0x00000000e0000000, 0x0000000100000000, 0x0000000100000000)
  eden space 361472K, 99% used [0x00000000e0000000,0x00000000f60e0420,0x00000000f6100000)
  from space 77824K, 72% used [0x00000000fb400000,0x00000000feb160a0,0x0000000100000000)
  to   space 81408K, 0% used [0x00000000f6100000,0x00000000f6100000,0x00000000fb080000)
 ParOldGen       total 460800K, used 204170K [0x00000000a0000000, 0x00000000bc200000, 0x00000000e0000000)
  object space 460800K, 44% used [0x00000000a0000000,0x00000000ac762bf8,0x00000000bc200000)
 Metaspace       used 221371K, capacity 232085K, committed 233792K, reserved 1253376K
  class space    used 26798K, capacity 28735K, committed 29016K, reserved 1048576K
Event: 31234.779 GC heap after
Heap after GC invocations=84 (full 5):
 PSYoungGen      total 418816K, used 56852K [0x00000000e0000000, 0x0000000100000000, 0x0000000100000000)
  eden space 361472K, 0% used [0x00000000e0000000,0x00000000e0000000,0x00000000f6100000)
  from space 57344K, 99% used [0x00000000f6100000,0x00000000f9885240,0x00000000f9900000)
  to   space 83456K, 0% used [0x00000000fae80000,0x00000000fae80000,0x0000000100000000)
 ParOldGen       total 460800K, used 204170K [0x00000000a0000000, 0x00000000bc200000, 0x00000000e0000000)
  object space 460800K, 44% used [0x00000000a0000000,0x00000000ac762bf8,0x00000000bc200000)
 Metaspace       used 221371K, capacity 232085K, committed 233792K, reserved 1253376K
  class space    used 26798K, capacity 28735K, committed 29016K, reserved 1048576K
}
Event: 31566.538 GC heap before
{Heap before GC invocations=85 (full 5):
 PSYoungGen      total 418816K, used 418324K [0x00000000e0000000, 0x0000000100000000, 0x0000000100000000)
  eden space 361472K, 100% used [0x00000000e0000000,0x00000000f6100000,0x00000000f6100000)
  from space 57344K, 99% used [0x00000000f6100000,0x00000000f9885240,0x00000000f9900000)
  to   space 83456K, 0% used [0x00000000fae80000,0x00000000fae80000,0x0000000100000000)
 ParOldGen       total 460800K, used 204170K [0x00000000a0000000, 0x00000000bc200000, 0x00000000e0000000)
  object space 460800K, 44% used [0x00000000a0000000,0x00000000ac762bf8,0x00000000bc200000)
 Metaspace       used 221698K, capacity 232461K, committed 234048K, reserved 1255424K
  class space    used 26824K, capacity 28787K, committed 29016K, reserved 1048576K
Event: 31566.574 GC heap after
Heap after GC invocations=85 (full 5):
 PSYoungGen      total 443392K, used 44704K [0x00000000e0000000, 0x0000000100000000, 0x0000000100000000)
  eden space 359936K, 0% used [0x00000000e0000000,0x00000000e0000000,0x00000000f5f80000)
  from space 83456K, 53% used [0x00000000fae80000,0x00000000fda28198,0x0000000100000000)
  to   space 80896K, 0% used [0x00000000f5f80000,0x00000000f5f80000,0x00000000fae80000)
 ParOldGen       total 460800K, used 218306K [0x00000000a0000000, 0x00000000bc200000, 0x00000000e0000000)
  object space 460800K, 47% used [0x00000000a0000000,0x00000000ad530948,0x00000000bc200000)
 Metaspace       used 221698K, capacity 232461K, committed 234048K, reserved 1255424K
  class space    used 26824K, capacity 28787K, committed 29016K, reserved 1048576K
}
Event: 31880.089 GC heap before
{Heap before GC invocations=86 (full 5):
 PSYoungGen      total 443392K, used 404640K [0x00000000e0000000, 0x0000000100000000, 0x0000000100000000)
  eden space 359936K, 100% used [0x00000000e0000000,0x00000000f5f80000,0x00000000f5f80000)
  from space 83456K, 53% used [0x00000000fae80000,0x00000000fda28198,0x0000000100000000)
  to   space 80896K, 0% used [0x00000000f5f80000,0x00000000f5f80000,0x00000000fae80000)
 ParOldGen       total 460800K, used 218306K [0x00000000a0000000, 0x00000000bc200000, 0x00000000e0000000)
  object space 460800K, 47% used [0x00000000a0000000,0x00000000ad530948,0x00000000bc200000)
 Metaspace       used 237926K, capacity 249259K, committed 250304K, reserved 1269760K
  class space    used 28704K, capacity 30804K, committed 30936K, reserved 1048576K
Event: 31880.137 GC heap after
Heap after GC invocations=86 (full 5):
 PSYoungGen      total 432128K, used 72010K [0x00000000e0000000, 0x0000000100000000, 0x0000000100000000)
  eden space 359936K, 0% used [0x00000000e0000000,0x00000000e0000000,0x00000000f5f80000)
  from space 72192K, 99% used [0x00000000f5f80000,0x00000000fa5d2938,0x00000000fa600000)
  to   space 88064K, 0% used [0x00000000faa00000,0x00000000faa00000,0x0000000100000000)
 ParOldGen       total 460800K, used 218314K [0x00000000a0000000, 0x00000000bc200000, 0x00000000e0000000)
  object space 460800K, 47% used [0x00000000a0000000,0x00000000ad532948,0x00000000bc200000)
 Metaspace       used 237926K, capacity 249259K, committed 250304K, reserved 1269760K
  class space    used 28704K, capacity 30804K, committed 30936K, reserved 1048576K
}
Event: 32314.257 GC heap before
{Heap before GC invocations=87 (full 5):
 PSYoungGen      total 432128K, used 431946K [0x00000000e0000000, 0x0000000100000000, 0x0000000100000000)
  eden space 359936K, 100% used [0x00000000e0000000,0x00000000f5f80000,0x00000000f5f80000)
  from space 72192K, 99% used [0x00000000f5f80000,0x00000000fa5d2938,0x00000000fa600000)
  to   space 88064K, 0% used [0x00000000faa00000,0x00000000faa00000,0x0000000100000000)
 ParOldGen       total 460800K, used 218314K [0x00000000a0000000, 0x00000000bc200000, 0x00000000e0000000)
  object space 460800K, 47% used [0x00000000a0000000,0x00000000ad532948,0x00000000bc200000)
 Metaspace       used 238274K, capacity 250107K, committed 250688K, reserved 1269760K
  class space    used 28775K, capacity 30964K, committed 31064K, reserved 1048576K

